2023-08-06 05:03:28.847657 - Initialized conversion of CBT527
2023-08-06 05:03:29.295484 - Received CBT.V505.FILE527.PDS from FILE527.XMI 
2023-08-06 05:03:29.298074 - Found $$$#DATE.txt (text/plain) in CBT.V505.FILE527.PDS, moved to PDS/$$$#DATE
2023-08-06 05:03:29.299164 - Found $$$DOC.txt (text/plain) in CBT.V505.FILE527.PDS, moved to PDS/$$$DOC
2023-08-06 05:03:29.300304 - Found $DOC.txt (text/plain) in CBT.V505.FILE527.PDS, moved to PDS/$DOC
2023-08-06 05:03:29.301408 - Found $EDITP.txt (text/plain) in CBT.V505.FILE527.PDS, moved to PDS/$EDITP
2023-08-06 05:03:29.302581 - Found $EPILOG.txt (text/plain) in CBT.V505.FILE527.PDS, moved to PDS/$EPILOG
2023-08-06 05:03:29.303506 - Found $IN.txt (text/plain) in CBT.V505.FILE527.PDS, moved to PDS/$IN
2023-08-06 05:03:29.304436 - Found $MESSAGE.txt (text/plain) in CBT.V505.FILE527.PDS, moved to PDS/$MESSAGE
2023-08-06 05:03:29.305358 - Found $OUT.txt (text/plain) in CBT.V505.FILE527.PDS, moved to PDS/$OUT
2023-08-06 05:03:29.306235 - Found $PROLOG.txt (text/plain) in CBT.V505.FILE527.PDS, moved to PDS/$PROLOG
2023-08-06 05:03:29.307069 - Found $REGS.txt (text/plain) in CBT.V505.FILE527.PDS, moved to PDS/$REGS
2023-08-06 05:03:29.307886 - Found $TEST.txt (text/plain) in CBT.V505.FILE527.PDS, moved to PDS/$TEST
2023-08-06 05:03:29.308737 - Found @DADSM.txt (text/plain) in CBT.V505.FILE527.PDS, moved to PDS/@DADSM
2023-08-06 05:03:29.309631 - Found @FILE527.txt (text/plain) in CBT.V505.FILE527.PDS, moved to PDS/@FILE527
2023-08-06 05:03:29.310535 - Found @LSTICAT.txt (text/plain) in CBT.V505.FILE527.PDS, moved to PDS/@LSTICAT
2023-08-06 05:03:29.311345 - Found @UPDATES.txt (text/plain) in CBT.V505.FILE527.PDS, moved to PDS/@UPDATES
2023-08-06 05:03:29.312165 - Found ADRUENQ.txt (text/plain) in CBT.V505.FILE527.PDS, moved to PDS/ADRUENQ
2023-08-06 05:03:29.313051 - Found ALLOC.txt (text/plain) in CBT.V505.FILE527.PDS, moved to PDS/ALLOC
2023-08-06 05:03:29.313913 - Found ALLVVDS.txt (text/plain) in CBT.V505.FILE527.PDS, moved to PDS/ALLVVDS
2023-08-06 05:03:29.314771 - Found ANFUXBDA.jcl (text/plain) in CBT.V505.FILE527.PDS, moved to PDS/ANFUXBDA
2023-08-06 05:03:29.315634 - Found ANFUXEDA.jcl (text/plain) in CBT.V505.FILE527.PDS, moved to PDS/ANFUXEDA
2023-08-06 05:03:29.316427 - Found COBALASM.jcl (text/plain) in CBT.V505.FILE527.PDS, moved to PDS/COBALASM
2023-08-06 05:03:29.317293 - Found COBALLOC.txt (text/plain) in CBT.V505.FILE527.PDS, moved to PDS/COBALLOC
2023-08-06 05:03:29.318436 - Found DADSM.txt (text/plain) in CBT.V505.FILE527.PDS, moved to PDS/DADSM
2023-08-06 05:03:29.319319 - Found DADSMASM.jcl (text/plain) in CBT.V505.FILE527.PDS, moved to PDS/DADSMASM
2023-08-06 05:03:29.320273 - Found DATASECT.txt (text/plain) in CBT.V505.FILE527.PDS, moved to PDS/DATASECT
2023-08-06 05:03:29.321166 - Found DSECTS.txt (text/plain) in CBT.V505.FILE527.PDS, moved to PDS/DSECTS
2023-08-06 05:03:29.321997 - Found DYNSPACE.txt (text/plain) in CBT.V505.FILE527.PDS, moved to PDS/DYNSPACE
2023-08-06 05:03:29.322824 - Found FINDVVDS.txt (text/plain) in CBT.V505.FILE527.PDS, moved to PDS/FINDVVDS
2023-08-06 05:03:29.323630 - Found G207ASM.jcl (text/plain) in CBT.V505.FILE527.PDS, moved to PDS/G207ASM
2023-08-06 05:03:29.324481 - Found G207DCAN.txt (text/plain) in CBT.V505.FILE527.PDS, moved to PDS/G207DCAN
2023-08-06 05:03:29.325332 - Found G207DOCS.txt (text/plain) in CBT.V505.FILE527.PDS, moved to PDS/G207DOCS
2023-08-06 05:03:29.326331 - Found HEX.txt (text/plain) in CBT.V505.FILE527.PDS, moved to PDS/HEX
2023-08-06 05:03:29.327276 - Found HEXPRINT.txt (text/plain) in CBT.V505.FILE527.PDS, moved to PDS/HEXPRINT
2023-08-06 05:03:29.328128 - Found HSMMCA.txt (text/plain) in CBT.V505.FILE527.PDS, moved to PDS/HSMMCA
2023-08-06 05:03:29.329012 - Found HSMMCB.txt (text/plain) in CBT.V505.FILE527.PDS, moved to PDS/HSMMCB
2023-08-06 05:03:29.329937 - Found HSMMCD.txt (text/plain) in CBT.V505.FILE527.PDS, moved to PDS/HSMMCD
2023-08-06 05:03:29.330784 - Found HSMMCK.txt (text/plain) in CBT.V505.FILE527.PDS, moved to PDS/HSMMCK
2023-08-06 05:03:29.331623 - Found IEAVMXIT.jcl (text/plain) in CBT.V505.FILE527.PDS, moved to PDS/IEAVMXIT
2023-08-06 05:03:29.332426 - Found LISTIASM.jcl (text/plain) in CBT.V505.FILE527.PDS, moved to PDS/LISTIASM
2023-08-06 05:03:29.333337 - Found LISTICAT.txt (text/plain) in CBT.V505.FILE527.PDS, moved to PDS/LISTICAT
2023-08-06 05:03:29.334397 - Found LISTIJCL.jcl (text/plain) in CBT.V505.FILE527.PDS, moved to PDS/LISTIJCL
2023-08-06 05:03:29.335319 - Found MESSAGES.txt (text/plain) in CBT.V505.FILE527.PDS, moved to PDS/MESSAGES
2023-08-06 05:03:29.336178 - Found PARMS.txt (text/plain) in CBT.V505.FILE527.PDS, moved to PDS/PARMS
2023-08-06 05:03:29.337109 - Found PRINT.txt (text/plain) in CBT.V505.FILE527.PDS, moved to PDS/PRINT
2023-08-06 05:03:29.337938 - Found RCPDDN.txt (text/plain) in CBT.V505.FILE527.PDS, moved to PDS/RCPDDN
2023-08-06 05:03:29.338743 - Found RCPDINC.txt (text/plain) in CBT.V505.FILE527.PDS, moved to PDS/RCPDINC
2023-08-06 05:03:29.339566 - Found RCPDISP.txt (text/plain) in CBT.V505.FILE527.PDS, moved to PDS/RCPDISP
2023-08-06 05:03:29.340380 - Found RCPDSN.txt (text/plain) in CBT.V505.FILE527.PDS, moved to PDS/RCPDSN
2023-08-06 05:03:29.341235 - Found RCPSR2.txt (text/plain) in CBT.V505.FILE527.PDS, moved to PDS/RCPSR2
2023-08-06 05:03:29.342160 - Found UCBTYPES.txt (text/plain) in CBT.V505.FILE527.PDS, moved to PDS/UCBTYPES
2023-08-06 05:03:29.343122 - Found VTOC.txt (text/plain) in CBT.V505.FILE527.PDS, moved to PDS/VTOC
2023-08-06 05:03:29.344005 - Found VVDS.txt (text/plain) in CBT.V505.FILE527.PDS, moved to PDS/VVDS
2023-08-06 05:03:29.344842 - Found XPRCLOSE.txt (text/plain) in CBT.V505.FILE527.PDS, moved to PDS/XPRCLOSE
2023-08-06 05:03:29.345896 - Found XPRDCB.txt (text/plain) in CBT.V505.FILE527.PDS, moved to PDS/XPRDCB
2023-08-06 05:03:29.346908 - Found XPREJECT.txt (text/plain) in CBT.V505.FILE527.PDS, moved to PDS/XPREJECT
2023-08-06 05:03:29.347816 - Found XPRHEAD.txt (text/plain) in CBT.V505.FILE527.PDS, moved to PDS/XPRHEAD
2023-08-06 05:03:29.348679 - Found XPRINNRA.txt (text/plain) in CBT.V505.FILE527.PDS, moved to PDS/XPRINNRA
2023-08-06 05:03:29.349721 - Found XPRLDEF.txt (text/plain) in CBT.V505.FILE527.PDS, moved to PDS/XPRLDEF
2023-08-06 05:03:29.350559 - Found XPRLIST.txt (text/plain) in CBT.V505.FILE527.PDS, moved to PDS/XPRLIST
2023-08-06 05:03:29.351591 - Found XPRMOD.txt (text/plain) in CBT.V505.FILE527.PDS, moved to PDS/XPRMOD
2023-08-06 05:03:29.352622 - Found XPRNTLIN.txt (text/plain) in CBT.V505.FILE527.PDS, moved to PDS/XPRNTLIN
2023-08-06 05:03:29.353592 - Found XPROPEN.txt (text/plain) in CBT.V505.FILE527.PDS, moved to PDS/XPROPEN
2023-08-06 05:03:29.354519 - Found XPRSPACE.txt (text/plain) in CBT.V505.FILE527.PDS, moved to PDS/XPRSPACE
